root - INFO - 参数配置: Namespace(device='cuda:0', batchsize=16, learning_rate=0.001, epochs=30, model='small_deconv3d_lr1e-3', center_loss=False, conf_thres=0.4, label_smooth=0.1, specific_cls_sample=False, num_class=5, p_dropout=0.3, p_conv_dropout=0.3)
root - INFO - Epoch 0 is starting
root - INFO - Train Epoch: 0 [0/15500 (0%)]	Loss: 0.703941
root - INFO - Train Epoch: 0 [800/15500 (5%)]	Loss: 0.681081
root - INFO - Train Epoch: 0 [1600/15500 (10%)]	Loss: 0.611956
root - INFO - Train Epoch: 0 [2400/15500 (15%)]	Loss: 0.628897
root - INFO - Train Epoch: 0 [3200/15500 (21%)]	Loss: 0.647286
root - INFO - Train Epoch: 0 [4000/15500 (26%)]	Loss: 0.633018
root - INFO - Train Epoch: 0 [4800/15500 (31%)]	Loss: 0.617076
root - INFO - Train Epoch: 0 [5600/15500 (36%)]	Loss: 0.662372
root - INFO - Train Epoch: 0 [6400/15500 (41%)]	Loss: 0.650131
root - INFO - Train Epoch: 0 [7200/15500 (46%)]	Loss: 0.649311
root - INFO - Train Epoch: 0 [8000/15500 (52%)]	Loss: 0.662601
root - INFO - Train Epoch: 0 [8800/15500 (57%)]	Loss: 0.651444
root - INFO - Train Epoch: 0 [9600/15500 (62%)]	Loss: 0.669825
root - INFO - Train Epoch: 0 [10400/15500 (67%)]	Loss: 0.618618
root - INFO - Train Epoch: 0 [11200/15500 (72%)]	Loss: 0.654165
root - INFO - Train Epoch: 0 [12000/15500 (77%)]	Loss: 0.667138
root - INFO - Train Epoch: 0 [12800/15500 (83%)]	Loss: 0.616045
root - INFO - Train Epoch: 0 [13600/15500 (88%)]	Loss: 0.630432
root - INFO - Train Epoch: 0 [14400/15500 (93%)]	Loss: 0.642455
root - INFO - Train Epoch: 0 [15200/15500 (98%)]	Loss: 0.618677
root - INFO - Class 0 枪支部件: Precision: 0.2430, Recall: 0.3935, F1: 0.3005
root - INFO - Class 1 枪支: Precision: 0.3299, Recall: 0.5575, F1: 0.4145
root - INFO - Class 2 刀具: Precision: 0.4754, Recall: 0.8059, F1: 0.5980
root - INFO - Class 3 打火机: Precision: 0.4624, Recall: 0.8255, F1: 0.5927
root - INFO - Class 4 充电宝锂电池: Precision: 0.3791, Recall: 0.6807, F1: 0.4870
root - INFO - Overall: Precision: 0.3914, Recall: 0.6741, F1: 0.4952
root - INFO - Class 0 枪支部件: Precision: 0.2725, Recall: 0.2468, F1: 0.2590
root - INFO - Class 1 枪支: Precision: 0.4230, Recall: 0.3560, F1: 0.3866
root - INFO - Class 2 刀具: Precision: 0.2519, Recall: 0.1764, F1: 0.2075
root - INFO - Class 3 打火机: Precision: 0.9536, Recall: 0.4816, F1: 0.6400
root - INFO - Class 4 充电宝锂电池: Precision: 0.1402, Recall: 0.0738, F1: 0.0967
root - INFO - Overall: Precision: 0.3449, Recall: 0.2433, F1: 0.2853
matplotlib.pyplot - DEBUG - Loaded backend agg version v2.2.
matplotlib.font_manager - DEBUG - findfont: Matching sans\-serif:style=normal:variant=normal:weight=normal:stretch=normal:size=10.0.
matplotlib.font_manager - DEBUG - findfont: score(FontEntry(fname='/opt/conda/envs/pytorch_lwz/lib/python3.9/site-packages/matplotlib/mpl-data/fonts/ttf/cmsy10.ttf', name='cmsy10', style='normal', variant='normal', weight=400, stretch='normal', size='scalable')) = 10.05
matplotlib.font_manager - DEBUG - findfont: score(FontEntry(fname='/opt/conda/envs/pytorch_lwz/lib/python3.9/site-packages/matplotlib/mpl-data/fonts/ttf/STIXNonUni.ttf', name='STIXNonUnicode', style='normal', variant='normal', weight=400, stretch='normal', size='scalable')) = 10.05
matplotlib.font_manager - DEBUG - findfont: score(FontEntry(fname='/opt/conda/envs/pytorch_lwz/lib/python3.9/site-packages/matplotlib/mpl-data/fonts/ttf/DejaVuSans-BoldOblique.ttf', name='DejaVu Sans', style='oblique', variant='normal', weight=700, stretch='normal', size='scalable')) = 1.335
matplotlib.font_manager - DEBUG - findfont: score(FontEntry(fname='/opt/conda/envs/pytorch_lwz/lib/python3.9/site-packages/matplotlib/mpl-data/fonts/ttf/DejaVuSansMono-Oblique.ttf', name='DejaVu Sans Mono', style='oblique', variant='normal', weight=400, stretch='normal', size='scalable')) = 11.05
matplotlib.font_manager - DEBUG - findfont: score(FontEntry(fname='/opt/conda/envs/pytorch_lwz/lib/python3.9/site-packages/matplotlib/mpl-data/fonts/ttf/DejaVuSansDisplay.ttf', name='DejaVu Sans Display', style='normal', variant='normal', weight=400, stretch='normal', size='scalable')) = 10.05
matplotlib.font_manager - DEBUG - findfont: score(FontEntry(fname='/opt/conda/envs/pytorch_lwz/lib/python3.9/site-packages/matplotlib/mpl-data/fonts/ttf/DejaVuSerif-Italic.ttf', name='DejaVu Serif', style='italic', variant='normal', weight=400, stretch='normal', size='scalable')) = 11.05
matplotlib.font_manager - DEBUG - findfont: score(FontEntry(fname='/opt/conda/envs/pytorch_lwz/lib/python3.9/site-packages/matplotlib/mpl-data/fonts/ttf/STIXNonUniIta.ttf', name='STIXNonUnicode', style='italic', variant='normal', weight=400, stretch='normal', size='scalable')) = 11.05
matplotlib.font_manager - DEBUG - findfont: score(FontEntry(fname='/opt/conda/envs/pytorch_lwz/lib/python3.9/site-packages/matplotlib/mpl-data/fonts/ttf/STIXSizFourSymBol.ttf', name='STIXSizeFourSym', style='normal', variant='normal', weight=700, stretch='normal', size='scalable')) = 10.335
matplotlib.font_manager - DEBUG - findfont: score(FontEntry(fname='/opt/conda/envs/pytorch_lwz/lib/python3.9/site-packages/matplotlib/mpl-data/fonts/ttf/DejaVuSansMono-BoldOblique.ttf', name='DejaVu Sans Mono', style='oblique', variant='normal', weight=700, stretch='normal', size='scalable')) = 11.335
matplotlib.font_manager - DEBUG - findfont: score(FontEntry(fname='/opt/conda/envs/pytorch_lwz/lib/python3.9/site-packages/matplotlib/mpl-data/fonts/ttf/DejaVuSansMono.ttf', name='DejaVu Sans Mono', style='normal', variant='normal', weight=400, stretch='normal', size='scalable')) = 10.05
matplotlib.font_manager - DEBUG - findfont: score(FontEntry(fname='/opt/conda/envs/pytorch_lwz/lib/python3.9/site-packages/matplotlib/mpl-data/fonts/ttf/STIXSizThreeSymBol.ttf', name='STIXSizeThreeSym', style='normal', variant='normal', weight=700, stretch='normal', size='scalable')) = 10.335
matplotlib.font_manager - DEBUG - findfont: score(FontEntry(fname='/opt/conda/envs/pytorch_lwz/lib/python3.9/site-packages/matplotlib/mpl-data/fonts/ttf/STIXSizThreeSymReg.ttf', name='STIXSizeThreeSym', style='normal', variant='normal', weight=400, stretch='normal', size='scalable')) = 10.05
matplotlib.font_manager - DEBUG - findfont: score(FontEntry(fname='/opt/conda/envs/pytorch_lwz/lib/python3.9/site-packages/matplotlib/mpl-data/fonts/ttf/DejaVuSans-Bold.ttf', name='DejaVu Sans', style='normal', variant='normal', weight=700, stretch='normal', size='scalable')) = 0.33499999999999996
matplotlib.font_manager - DEBUG - findfont: score(FontEntry(fname='/opt/conda/envs/pytorch_lwz/lib/python3.9/site-packages/matplotlib/mpl-data/fonts/ttf/STIXNonUniBol.ttf', name='STIXNonUnicode', style='normal', variant='normal', weight=700, stretch='normal', size='scalable')) = 10.335
matplotlib.font_manager - DEBUG - findfont: score(FontEntry(fname='/opt/conda/envs/pytorch_lwz/lib/python3.9/site-packages/matplotlib/mpl-data/fonts/ttf/DejaVuSans.ttf', name='DejaVu Sans', style='normal', variant='normal', weight=400, stretch='normal', size='scalable')) = 0.05
matplotlib.font_manager - DEBUG - findfont: score(FontEntry(fname='/opt/conda/envs/pytorch_lwz/lib/python3.9/site-packages/matplotlib/mpl-data/fonts/ttf/cmex10.ttf', name='cmex10', style='normal', variant='normal', weight=400, stretch='normal', size='scalable')) = 10.05
matplotlib.font_manager - DEBUG - findfont: score(FontEntry(fname='/opt/conda/envs/pytorch_lwz/lib/python3.9/site-packages/matplotlib/mpl-data/fonts/ttf/STIXSizOneSymBol.ttf', name='STIXSizeOneSym', style='normal', variant='normal', weight=700, stretch='normal', size='scalable')) = 10.335
matplotlib.font_manager - DEBUG - findfont: score(FontEntry(fname='/opt/conda/envs/pytorch_lwz/lib/python3.9/site-packages/matplotlib/mpl-data/fonts/ttf/STIXGeneralBol.ttf', name='STIXGeneral', style='normal', variant='normal', weight=700, stretch='normal', size='scalable')) = 10.335
matplotlib.font_manager - DEBUG - findfont: score(FontEntry(fname='/opt/conda/envs/pytorch_lwz/lib/python3.9/site-packages/matplotlib/mpl-data/fonts/ttf/DejaVuSansMono-Bold.ttf', name='DejaVu Sans Mono', style='normal', variant='normal', weight=700, stretch='normal', size='scalable')) = 10.335
matplotlib.font_manager - DEBUG - findfont: score(FontEntry(fname='/opt/conda/envs/pytorch_lwz/lib/python3.9/site-packages/matplotlib/mpl-data/fonts/ttf/STIXSizTwoSymBol.ttf', name='STIXSizeTwoSym', style='normal', variant='normal', weight=700, stretch='normal', size='scalable')) = 10.335
matplotlib.font_manager - DEBUG - findfont: score(FontEntry(fname='/opt/conda/envs/pytorch_lwz/lib/python3.9/site-packages/matplotlib/mpl-data/fonts/ttf/STIXGeneralBolIta.ttf', name='STIXGeneral', style='italic', variant='normal', weight=700, stretch='normal', size='scalable')) = 11.335
matplotlib.font_manager - DEBUG - findfont: score(FontEntry(fname='/opt/conda/envs/pytorch_lwz/lib/python3.9/site-packages/matplotlib/mpl-data/fonts/ttf/DejaVuSerif-Bold.ttf', name='DejaVu Serif', style='normal', variant='normal', weight=700, stretch='normal', size='scalable')) = 10.335
matplotlib.font_manager - DEBUG - findfont: score(FontEntry(fname='/opt/conda/envs/pytorch_lwz/lib/python3.9/site-packages/matplotlib/mpl-data/fonts/ttf/DejaVuSans-Oblique.ttf', name='DejaVu Sans', style='oblique', variant='normal', weight=400, stretch='normal', size='scalable')) = 1.05
matplotlib.font_manager - DEBUG - findfont: score(FontEntry(fname='/opt/conda/envs/pytorch_lwz/lib/python3.9/site-packages/matplotlib/mpl-data/fonts/ttf/cmmi10.ttf', name='cmmi10', style='normal', variant='normal', weight=400, stretch='normal', size='scalable')) = 10.05
matplotlib.font_manager - DEBUG - findfont: score(FontEntry(fname='/opt/conda/envs/pytorch_lwz/lib/python3.9/site-packages/matplotlib/mpl-data/fonts/ttf/STIXSizFourSymReg.ttf', name='STIXSizeFourSym', style='normal', variant='normal', weight=400, stretch='normal', size='scalable')) = 10.05
matplotlib.font_manager - DEBUG - findfont: score(FontEntry(fname='/opt/conda/envs/pytorch_lwz/lib/python3.9/site-packages/matplotlib/mpl-data/fonts/ttf/STIXGeneral.ttf', name='STIXGeneral', style='normal', variant='normal', weight=400, stretch='normal', size='scalable')) = 10.05
matplotlib.font_manager - DEBUG - findfont: score(FontEntry(fname='/opt/conda/envs/pytorch_lwz/lib/python3.9/site-packages/matplotlib/mpl-data/fonts/ttf/STIXGeneralItalic.ttf', name='STIXGeneral', style='italic', variant='normal', weight=400, stretch='normal', size='scalable')) = 11.05
matplotlib.font_manager - DEBUG - findfont: score(FontEntry(fname='/opt/conda/envs/pytorch_lwz/lib/python3.9/site-packages/matplotlib/mpl-data/fonts/ttf/cmr10.ttf', name='cmr10', style='normal', variant='normal', weight=400, stretch='normal', size='scalable')) = 10.05
matplotlib.font_manager - DEBUG - findfont: score(FontEntry(fname='/opt/conda/envs/pytorch_lwz/lib/python3.9/site-packages/matplotlib/mpl-data/fonts/ttf/DejaVuSerif-BoldItalic.ttf', name='DejaVu Serif', style='italic', variant='normal', weight=700, stretch='normal', size='scalable')) = 11.335
matplotlib.font_manager - DEBUG - findfont: score(FontEntry(fname='/opt/conda/envs/pytorch_lwz/lib/python3.9/site-packages/matplotlib/mpl-data/fonts/ttf/DejaVuSerif.ttf', name='DejaVu Serif', style='normal', variant='normal', weight=400, stretch='normal', size='scalable')) = 10.05
matplotlib.font_manager - DEBUG - findfont: score(FontEntry(fname='/opt/conda/envs/pytorch_lwz/lib/python3.9/site-packages/matplotlib/mpl-data/fonts/ttf/STIXSizFiveSymReg.ttf', name='STIXSizeFiveSym', style='normal', variant='normal', weight=400, stretch='normal', size='scalable')) = 10.05
matplotlib.font_manager - DEBUG - findfont: score(FontEntry(fname='/opt/conda/envs/pytorch_lwz/lib/python3.9/site-packages/matplotlib/mpl-data/fonts/ttf/cmb10.ttf', name='cmb10', style='normal', variant='normal', weight=400, stretch='normal', size='scalable')) = 10.05
matplotlib.font_manager - DEBUG - findfont: score(FontEntry(fname='/opt/conda/envs/pytorch_lwz/lib/python3.9/site-packages/matplotlib/mpl-data/fonts/ttf/STIXSizOneSymReg.ttf', name='STIXSizeOneSym', style='normal', variant='normal', weight=400, stretch='normal', size='scalable')) = 10.05
matplotlib.font_manager - DEBUG - findfont: score(FontEntry(fname='/opt/conda/envs/pytorch_lwz/lib/python3.9/site-packages/matplotlib/mpl-data/fonts/ttf/DejaVuSerifDisplay.ttf', name='DejaVu Serif Display', style='normal', variant='normal', weight=400, stretch='normal', size='scalable')) = 10.05
matplotlib.font_manager - DEBUG - findfont: score(FontEntry(fname='/opt/conda/envs/pytorch_lwz/lib/python3.9/site-packages/matplotlib/mpl-data/fonts/ttf/cmss10.ttf', name='cmss10', style='normal', variant='normal', weight=400, stretch='normal', size='scalable')) = 10.05
matplotlib.font_manager - DEBUG - findfont: score(FontEntry(fname='/opt/conda/envs/pytorch_lwz/lib/python3.9/site-packages/matplotlib/mpl-data/fonts/ttf/STIXSizTwoSymReg.ttf', name='STIXSizeTwoSym', style='normal', variant='normal', weight=400, stretch='normal', size='scalable')) = 10.05
matplotlib.font_manager - DEBUG - findfont: score(FontEntry(fname='/opt/conda/envs/pytorch_lwz/lib/python3.9/site-packages/matplotlib/mpl-data/fonts/ttf/cmtt10.ttf', name='cmtt10', style='normal', variant='normal', weight=400, stretch='normal', size='scalable')) = 10.05
matplotlib.font_manager - DEBUG - findfont: score(FontEntry(fname='/opt/conda/envs/pytorch_lwz/lib/python3.9/site-packages/matplotlib/mpl-data/fonts/ttf/STIXNonUniBolIta.ttf', name='STIXNonUnicode', style='italic', variant='normal', weight=700, stretch='normal', size='scalable')) = 11.335
matplotlib.font_manager - DEBUG - findfont: score(FontEntry(fname='/usr/share/fonts/truetype/dejavu/DejaVuSerif-Bold.ttf', name='DejaVu Serif', style='normal', variant='normal', weight=700, stretch='normal', size='scalable')) = 10.335
matplotlib.font_manager - DEBUG - findfont: score(FontEntry(fname='/usr/share/fonts/truetype/dejavu/DejaVuSerif.ttf', name='DejaVu Serif', style='normal', variant='normal', weight=400, stretch='normal', size='scalable')) = 10.05
matplotlib.font_manager - DEBUG - findfont: score(FontEntry(fname='/usr/share/fonts/truetype/dejavu/DejaVuSansMono.ttf', name='DejaVu Sans Mono', style='normal', variant='normal', weight=400, stretch='normal', size='scalable')) = 10.05
matplotlib.font_manager - DEBUG - findfont: score(FontEntry(fname='/usr/share/fonts/truetype/dejavu/DejaVuSans-Bold.ttf', name='DejaVu Sans', style='normal', variant='normal', weight=700, stretch='normal', size='scalable')) = 0.33499999999999996
matplotlib.font_manager - DEBUG - findfont: score(FontEntry(fname='/usr/share/fonts/truetype/dejavu/DejaVuSansMono-Bold.ttf', name='DejaVu Sans Mono', style='normal', variant='normal', weight=700, stretch='normal', size='scalable')) = 10.335
matplotlib.font_manager - DEBUG - findfont: score(FontEntry(fname='/usr/share/fonts/truetype/dejavu/DejaVuSans.ttf', name='DejaVu Sans', style='normal', variant='normal', weight=400, stretch='normal', size='scalable')) = 0.05
matplotlib.font_manager - DEBUG - findfont: Matching sans\-serif:style=normal:variant=normal:weight=normal:stretch=normal:size=10.0 to DejaVu Sans ('/opt/conda/envs/pytorch_lwz/lib/python3.9/site-packages/matplotlib/mpl-data/fonts/ttf/DejaVuSans.ttf') with score of 0.050000.
matplotlib.font_manager - DEBUG - findfont: Matching sans\-serif:style=normal:variant=normal:weight=normal:stretch=normal:size=12.0.
matplotlib.font_manager - DEBUG - findfont: score(FontEntry(fname='/opt/conda/envs/pytorch_lwz/lib/python3.9/site-packages/matplotlib/mpl-data/fonts/ttf/cmsy10.ttf', name='cmsy10', style='normal', variant='normal', weight=400, stretch='normal', size='scalable')) = 10.05
matplotlib.font_manager - DEBUG - findfont: score(FontEntry(fname='/opt/conda/envs/pytorch_lwz/lib/python3.9/site-packages/matplotlib/mpl-data/fonts/ttf/STIXNonUni.ttf', name='STIXNonUnicode', style='normal', variant='normal', weight=400, stretch='normal', size='scalable')) = 10.05
matplotlib.font_manager - DEBUG - findfont: score(FontEntry(fname='/opt/conda/envs/pytorch_lwz/lib/python3.9/site-packages/matplotlib/mpl-data/fonts/ttf/DejaVuSans-BoldOblique.ttf', name='DejaVu Sans', style='oblique', variant='normal', weight=700, stretch='normal', size='scalable')) = 1.335
matplotlib.font_manager - DEBUG - findfont: score(FontEntry(fname='/opt/conda/envs/pytorch_lwz/lib/python3.9/site-packages/matplotlib/mpl-data/fonts/ttf/DejaVuSansMono-Oblique.ttf', name='DejaVu Sans Mono', style='oblique', variant='normal', weight=400, stretch='normal', size='scalable')) = 11.05
matplotlib.font_manager - DEBUG - findfont: score(FontEntry(fname='/opt/conda/envs/pytorch_lwz/lib/python3.9/site-packages/matplotlib/mpl-data/fonts/ttf/DejaVuSansDisplay.ttf', name='DejaVu Sans Display', style='normal', variant='normal', weight=400, stretch='normal', size='scalable')) = 10.05
matplotlib.font_manager - DEBUG - findfont: score(FontEntry(fname='/opt/conda/envs/pytorch_lwz/lib/python3.9/site-packages/matplotlib/mpl-data/fonts/ttf/DejaVuSerif-Italic.ttf', name='DejaVu Serif', style='italic', variant='normal', weight=400, stretch='normal', size='scalable')) = 11.05
matplotlib.font_manager - DEBUG - findfont: score(FontEntry(fname='/opt/conda/envs/pytorch_lwz/lib/python3.9/site-packages/matplotlib/mpl-data/fonts/ttf/STIXNonUniIta.ttf', name='STIXNonUnicode', style='italic', variant='normal', weight=400, stretch='normal', size='scalable')) = 11.05
matplotlib.font_manager - DEBUG - findfont: score(FontEntry(fname='/opt/conda/envs/pytorch_lwz/lib/python3.9/site-packages/matplotlib/mpl-data/fonts/ttf/STIXSizFourSymBol.ttf', name='STIXSizeFourSym', style='normal', variant='normal', weight=700, stretch='normal', size='scalable')) = 10.335
matplotlib.font_manager - DEBUG - findfont: score(FontEntry(fname='/opt/conda/envs/pytorch_lwz/lib/python3.9/site-packages/matplotlib/mpl-data/fonts/ttf/DejaVuSansMono-BoldOblique.ttf', name='DejaVu Sans Mono', style='oblique', variant='normal', weight=700, stretch='normal', size='scalable')) = 11.335
matplotlib.font_manager - DEBUG - findfont: score(FontEntry(fname='/opt/conda/envs/pytorch_lwz/lib/python3.9/site-packages/matplotlib/mpl-data/fonts/ttf/DejaVuSansMono.ttf', name='DejaVu Sans Mono', style='normal', variant='normal', weight=400, stretch='normal', size='scalable')) = 10.05
matplotlib.font_manager - DEBUG - findfont: score(FontEntry(fname='/opt/conda/envs/pytorch_lwz/lib/python3.9/site-packages/matplotlib/mpl-data/fonts/ttf/STIXSizThreeSymBol.ttf', name='STIXSizeThreeSym', style='normal', variant='normal', weight=700, stretch='normal', size='scalable')) = 10.335
matplotlib.font_manager - DEBUG - findfont: score(FontEntry(fname='/opt/conda/envs/pytorch_lwz/lib/python3.9/site-packages/matplotlib/mpl-data/fonts/ttf/STIXSizThreeSymReg.ttf', name='STIXSizeThreeSym', style='normal', variant='normal', weight=400, stretch='normal', size='scalable')) = 10.05
matplotlib.font_manager - DEBUG - findfont: score(FontEntry(fname='/opt/conda/envs/pytorch_lwz/lib/python3.9/site-packages/matplotlib/mpl-data/fonts/ttf/DejaVuSans-Bold.ttf', name='DejaVu Sans', style='normal', variant='normal', weight=700, stretch='normal', size='scalable')) = 0.33499999999999996
matplotlib.font_manager - DEBUG - findfont: score(FontEntry(fname='/opt/conda/envs/pytorch_lwz/lib/python3.9/site-packages/matplotlib/mpl-data/fonts/ttf/STIXNonUniBol.ttf', name='STIXNonUnicode', style='normal', variant='normal', weight=700, stretch='normal', size='scalable')) = 10.335
matplotlib.font_manager - DEBUG - findfont: score(FontEntry(fname='/opt/conda/envs/pytorch_lwz/lib/python3.9/site-packages/matplotlib/mpl-data/fonts/ttf/DejaVuSans.ttf', name='DejaVu Sans', style='normal', variant='normal', weight=400, stretch='normal', size='scalable')) = 0.05
matplotlib.font_manager - DEBUG - findfont: score(FontEntry(fname='/opt/conda/envs/pytorch_lwz/lib/python3.9/site-packages/matplotlib/mpl-data/fonts/ttf/cmex10.ttf', name='cmex10', style='normal', variant='normal', weight=400, stretch='normal', size='scalable')) = 10.05
matplotlib.font_manager - DEBUG - findfont: score(FontEntry(fname='/opt/conda/envs/pytorch_lwz/lib/python3.9/site-packages/matplotlib/mpl-data/fonts/ttf/STIXSizOneSymBol.ttf', name='STIXSizeOneSym', style='normal', variant='normal', weight=700, stretch='normal', size='scalable')) = 10.335
matplotlib.font_manager - DEBUG - findfont: score(FontEntry(fname='/opt/conda/envs/pytorch_lwz/lib/python3.9/site-packages/matplotlib/mpl-data/fonts/ttf/STIXGeneralBol.ttf', name='STIXGeneral', style='normal', variant='normal', weight=700, stretch='normal', size='scalable')) = 10.335
matplotlib.font_manager - DEBUG - findfont: score(FontEntry(fname='/opt/conda/envs/pytorch_lwz/lib/python3.9/site-packages/matplotlib/mpl-data/fonts/ttf/DejaVuSansMono-Bold.ttf', name='DejaVu Sans Mono', style='normal', variant='normal', weight=700, stretch='normal', size='scalable')) = 10.335
matplotlib.font_manager - DEBUG - findfont: score(FontEntry(fname='/opt/conda/envs/pytorch_lwz/lib/python3.9/site-packages/matplotlib/mpl-data/fonts/ttf/STIXSizTwoSymBol.ttf', name='STIXSizeTwoSym', style='normal', variant='normal', weight=700, stretch='normal', size='scalable')) = 10.335
matplotlib.font_manager - DEBUG - findfont: score(FontEntry(fname='/opt/conda/envs/pytorch_lwz/lib/python3.9/site-packages/matplotlib/mpl-data/fonts/ttf/STIXGeneralBolIta.ttf', name='STIXGeneral', style='italic', variant='normal', weight=700, stretch='normal', size='scalable')) = 11.335
matplotlib.font_manager - DEBUG - findfont: score(FontEntry(fname='/opt/conda/envs/pytorch_lwz/lib/python3.9/site-packages/matplotlib/mpl-data/fonts/ttf/DejaVuSerif-Bold.ttf', name='DejaVu Serif', style='normal', variant='normal', weight=700, stretch='normal', size='scalable')) = 10.335
matplotlib.font_manager - DEBUG - findfont: score(FontEntry(fname='/opt/conda/envs/pytorch_lwz/lib/python3.9/site-packages/matplotlib/mpl-data/fonts/ttf/DejaVuSans-Oblique.ttf', name='DejaVu Sans', style='oblique', variant='normal', weight=400, stretch='normal', size='scalable')) = 1.05
matplotlib.font_manager - DEBUG - findfont: score(FontEntry(fname='/opt/conda/envs/pytorch_lwz/lib/python3.9/site-packages/matplotlib/mpl-data/fonts/ttf/cmmi10.ttf', name='cmmi10', style='normal', variant='normal', weight=400, stretch='normal', size='scalable')) = 10.05
matplotlib.font_manager - DEBUG - findfont: score(FontEntry(fname='/opt/conda/envs/pytorch_lwz/lib/python3.9/site-packages/matplotlib/mpl-data/fonts/ttf/STIXSizFourSymReg.ttf', name='STIXSizeFourSym', style='normal', variant='normal', weight=400, stretch='normal', size='scalable')) = 10.05
matplotlib.font_manager - DEBUG - findfont: score(FontEntry(fname='/opt/conda/envs/pytorch_lwz/lib/python3.9/site-packages/matplotlib/mpl-data/fonts/ttf/STIXGeneral.ttf', name='STIXGeneral', style='normal', variant='normal', weight=400, stretch='normal', size='scalable')) = 10.05
matplotlib.font_manager - DEBUG - findfont: score(FontEntry(fname='/opt/conda/envs/pytorch_lwz/lib/python3.9/site-packages/matplotlib/mpl-data/fonts/ttf/STIXGeneralItalic.ttf', name='STIXGeneral', style='italic', variant='normal', weight=400, stretch='normal', size='scalable')) = 11.05
matplotlib.font_manager - DEBUG - findfont: score(FontEntry(fname='/opt/conda/envs/pytorch_lwz/lib/python3.9/site-packages/matplotlib/mpl-data/fonts/ttf/cmr10.ttf', name='cmr10', style='normal', variant='normal', weight=400, stretch='normal', size='scalable')) = 10.05
matplotlib.font_manager - DEBUG - findfont: score(FontEntry(fname='/opt/conda/envs/pytorch_lwz/lib/python3.9/site-packages/matplotlib/mpl-data/fonts/ttf/DejaVuSerif-BoldItalic.ttf', name='DejaVu Serif', style='italic', variant='normal', weight=700, stretch='normal', size='scalable')) = 11.335
matplotlib.font_manager - DEBUG - findfont: score(FontEntry(fname='/opt/conda/envs/pytorch_lwz/lib/python3.9/site-packages/matplotlib/mpl-data/fonts/ttf/DejaVuSerif.ttf', name='DejaVu Serif', style='normal', variant='normal', weight=400, stretch='normal', size='scalable')) = 10.05
matplotlib.font_manager - DEBUG - findfont: score(FontEntry(fname='/opt/conda/envs/pytorch_lwz/lib/python3.9/site-packages/matplotlib/mpl-data/fonts/ttf/STIXSizFiveSymReg.ttf', name='STIXSizeFiveSym', style='normal', variant='normal', weight=400, stretch='normal', size='scalable')) = 10.05
matplotlib.font_manager - DEBUG - findfont: score(FontEntry(fname='/opt/conda/envs/pytorch_lwz/lib/python3.9/site-packages/matplotlib/mpl-data/fonts/ttf/cmb10.ttf', name='cmb10', style='normal', variant='normal', weight=400, stretch='normal', size='scalable')) = 10.05
matplotlib.font_manager - DEBUG - findfont: score(FontEntry(fname='/opt/conda/envs/pytorch_lwz/lib/python3.9/site-packages/matplotlib/mpl-data/fonts/ttf/STIXSizOneSymReg.ttf', name='STIXSizeOneSym', style='normal', variant='normal', weight=400, stretch='normal', size='scalable')) = 10.05
matplotlib.font_manager - DEBUG - findfont: score(FontEntry(fname='/opt/conda/envs/pytorch_lwz/lib/python3.9/site-packages/matplotlib/mpl-data/fonts/ttf/DejaVuSerifDisplay.ttf', name='DejaVu Serif Display', style='normal', variant='normal', weight=400, stretch='normal', size='scalable')) = 10.05
matplotlib.font_manager - DEBUG - findfont: score(FontEntry(fname='/opt/conda/envs/pytorch_lwz/lib/python3.9/site-packages/matplotlib/mpl-data/fonts/ttf/cmss10.ttf', name='cmss10', style='normal', variant='normal', weight=400, stretch='normal', size='scalable')) = 10.05
matplotlib.font_manager - DEBUG - findfont: score(FontEntry(fname='/opt/conda/envs/pytorch_lwz/lib/python3.9/site-packages/matplotlib/mpl-data/fonts/ttf/STIXSizTwoSymReg.ttf', name='STIXSizeTwoSym', style='normal', variant='normal', weight=400, stretch='normal', size='scalable')) = 10.05
matplotlib.font_manager - DEBUG - findfont: score(FontEntry(fname='/opt/conda/envs/pytorch_lwz/lib/python3.9/site-packages/matplotlib/mpl-data/fonts/ttf/cmtt10.ttf', name='cmtt10', style='normal', variant='normal', weight=400, stretch='normal', size='scalable')) = 10.05
matplotlib.font_manager - DEBUG - findfont: score(FontEntry(fname='/opt/conda/envs/pytorch_lwz/lib/python3.9/site-packages/matplotlib/mpl-data/fonts/ttf/STIXNonUniBolIta.ttf', name='STIXNonUnicode', style='italic', variant='normal', weight=700, stretch='normal', size='scalable')) = 11.335
matplotlib.font_manager - DEBUG - findfont: score(FontEntry(fname='/usr/share/fonts/truetype/dejavu/DejaVuSerif-Bold.ttf', name='DejaVu Serif', style='normal', variant='normal', weight=700, stretch='normal', size='scalable')) = 10.335
matplotlib.font_manager - DEBUG - findfont: score(FontEntry(fname='/usr/share/fonts/truetype/dejavu/DejaVuSerif.ttf', name='DejaVu Serif', style='normal', variant='normal', weight=400, stretch='normal', size='scalable')) = 10.05
matplotlib.font_manager - DEBUG - findfont: score(FontEntry(fname='/usr/share/fonts/truetype/dejavu/DejaVuSansMono.ttf', name='DejaVu Sans Mono', style='normal', variant='normal', weight=400, stretch='normal', size='scalable')) = 10.05
matplotlib.font_manager - DEBUG - findfont: score(FontEntry(fname='/usr/share/fonts/truetype/dejavu/DejaVuSans-Bold.ttf', name='DejaVu Sans', style='normal', variant='normal', weight=700, stretch='normal', size='scalable')) = 0.33499999999999996
matplotlib.font_manager - DEBUG - findfont: score(FontEntry(fname='/usr/share/fonts/truetype/dejavu/DejaVuSansMono-Bold.ttf', name='DejaVu Sans Mono', style='normal', variant='normal', weight=700, stretch='normal', size='scalable')) = 10.335
matplotlib.font_manager - DEBUG - findfont: score(FontEntry(fname='/usr/share/fonts/truetype/dejavu/DejaVuSans.ttf', name='DejaVu Sans', style='normal', variant='normal', weight=400, stretch='normal', size='scalable')) = 0.05
matplotlib.font_manager - DEBUG - findfont: Matching sans\-serif:style=normal:variant=normal:weight=normal:stretch=normal:size=12.0 to DejaVu Sans ('/opt/conda/envs/pytorch_lwz/lib/python3.9/site-packages/matplotlib/mpl-data/fonts/ttf/DejaVuSans.ttf') with score of 0.050000.
root - INFO - Epoch 1 is starting
root - INFO - Train Epoch: 1 [0/15500 (0%)]	Loss: 0.625584
root - INFO - Train Epoch: 1 [800/15500 (5%)]	Loss: 0.632505
root - INFO - Train Epoch: 1 [1600/15500 (10%)]	Loss: 0.668697
root - INFO - Train Epoch: 1 [2400/15500 (15%)]	Loss: 0.649870
root - INFO - Train Epoch: 1 [3200/15500 (21%)]	Loss: 0.621309
root - INFO - Train Epoch: 1 [4000/15500 (26%)]	Loss: 0.652901
root - INFO - Train Epoch: 1 [4800/15500 (31%)]	Loss: 0.621205
root - INFO - Train Epoch: 1 [5600/15500 (36%)]	Loss: 0.641692
root - INFO - Train Epoch: 1 [6400/15500 (41%)]	Loss: 0.633383
root - INFO - Train Epoch: 1 [7200/15500 (46%)]	Loss: 0.621359
root - INFO - Train Epoch: 1 [8000/15500 (52%)]	Loss: 0.621280
root - INFO - Train Epoch: 1 [8800/15500 (57%)]	Loss: 0.612640
root - INFO - Train Epoch: 1 [9600/15500 (62%)]	Loss: 0.623166
root - INFO - Train Epoch: 1 [10400/15500 (67%)]	Loss: 0.634445
root - INFO - Train Epoch: 1 [11200/15500 (72%)]	Loss: 0.642995
root - INFO - Train Epoch: 1 [12000/15500 (77%)]	Loss: 0.672870
root - INFO - Train Epoch: 1 [12800/15500 (83%)]	Loss: 0.646573
root - INFO - Train Epoch: 1 [13600/15500 (88%)]	Loss: 0.676367
root - INFO - Train Epoch: 1 [14400/15500 (93%)]	Loss: 0.627619
root - INFO - Train Epoch: 1 [15200/15500 (98%)]	Loss: 0.605680
root - INFO - Class 0 枪支部件: Precision: 0.2465, Recall: 0.1428, F1: 0.1809
root - INFO - Class 1 枪支: Precision: 0.3669, Recall: 0.4406, F1: 0.4004
root - INFO - Class 2 刀具: Precision: 0.4883, Recall: 0.7931, F1: 0.6044
root - INFO - Class 3 打火机: Precision: 0.4719, Recall: 0.8627, F1: 0.6101
root - INFO - Class 4 充电宝锂电池: Precision: 0.3971, Recall: 0.6448, F1: 0.4915
root - INFO - Overall: Precision: 0.4280, Recall: 0.6110, F1: 0.5034
root - INFO - Class 0 枪支部件: Precision: 0.3788, Recall: 0.0536, F1: 0.0940
root - INFO - Class 1 枪支: Precision: 0.4032, Recall: 0.8967, F1: 0.5562
root - INFO - Class 2 刀具: Precision: 0.0852, Recall: 0.0273, F1: 0.0413
root - INFO - Class 3 打火机: Precision: 0.9241, Recall: 0.4883, F1: 0.6389
root - INFO - Class 4 充电宝锂电池: Precision: 0.1854, Recall: 0.0641, F1: 0.0952
root - INFO - Overall: Precision: 0.3943, Recall: 0.2744, F1: 0.3236
root - INFO - Epoch 2 is starting
root - INFO - Train Epoch: 2 [0/15500 (0%)]	Loss: 0.622175
root - INFO - Train Epoch: 2 [800/15500 (5%)]	Loss: 0.593441
root - INFO - Train Epoch: 2 [1600/15500 (10%)]	Loss: 0.660683
root - INFO - Train Epoch: 2 [2400/15500 (15%)]	Loss: 0.642046
root - INFO - Train Epoch: 2 [3200/15500 (21%)]	Loss: 0.660268
root - INFO - Train Epoch: 2 [4000/15500 (26%)]	Loss: 0.623071
root - INFO - Train Epoch: 2 [4800/15500 (31%)]	Loss: 0.673419
root - INFO - Train Epoch: 2 [5600/15500 (36%)]	Loss: 0.582602
root - INFO - Train Epoch: 2 [6400/15500 (41%)]	Loss: 0.622117
root - INFO - Train Epoch: 2 [7200/15500 (46%)]	Loss: 0.613614
root - INFO - Train Epoch: 2 [8000/15500 (52%)]	Loss: 0.606386
root - INFO - Train Epoch: 2 [8800/15500 (57%)]	Loss: 0.617681
root - INFO - Train Epoch: 2 [9600/15500 (62%)]	Loss: 0.596651
root - INFO - Train Epoch: 2 [10400/15500 (67%)]	Loss: 0.656470
root - INFO - Train Epoch: 2 [11200/15500 (72%)]	Loss: 0.601095
root - INFO - Train Epoch: 2 [12000/15500 (77%)]	Loss: 0.683245
root - INFO - Train Epoch: 2 [12800/15500 (83%)]	Loss: 0.637051
root - INFO - Train Epoch: 2 [13600/15500 (88%)]	Loss: 0.641076
root - INFO - Train Epoch: 2 [14400/15500 (93%)]	Loss: 0.606879
root - INFO - Train Epoch: 2 [15200/15500 (98%)]	Loss: 0.665389
root - INFO - Class 0 枪支部件: Precision: 0.2609, Recall: 0.1049, F1: 0.1496
root - INFO - Class 1 枪支: Precision: 0.3744, Recall: 0.4452, F1: 0.4068
root - INFO - Class 2 刀具: Precision: 0.4973, Recall: 0.7918, F1: 0.6109
root - INFO - Class 3 打火机: Precision: 0.4810, Recall: 0.8904, F1: 0.6246
root - INFO - Class 4 充电宝锂电池: Precision: 0.4000, Recall: 0.6264, F1: 0.4883
root - INFO - Overall: Precision: 0.4393, Recall: 0.6078, F1: 0.5100
root - INFO - Class 0 枪支部件: Precision: 0.3163, Recall: 0.0665, F1: 0.1099
root - INFO - Class 1 枪支: Precision: 0.3852, Recall: 0.9516, F1: 0.5484
root - INFO - Class 2 刀具: Precision: 0.1446, Recall: 0.0636, F1: 0.0884
root - INFO - Class 3 打火机: Precision: 0.9371, Recall: 0.4482, F1: 0.6063
root - INFO - Class 4 充电宝锂电池: Precision: 0.0847, Recall: 0.0194, F1: 0.0316
root - INFO - Overall: Precision: 0.3728, Recall: 0.2814, F1: 0.3207
root - INFO - Epoch 3 is starting
root - INFO - Train Epoch: 3 [0/15500 (0%)]	Loss: 0.617603
root - INFO - Train Epoch: 3 [800/15500 (5%)]	Loss: 0.618198
root - INFO - Train Epoch: 3 [1600/15500 (10%)]	Loss: 0.671341
root - INFO - Train Epoch: 3 [2400/15500 (15%)]	Loss: 0.649281
root - INFO - Train Epoch: 3 [3200/15500 (21%)]	Loss: 0.665475
root - INFO - Train Epoch: 3 [4000/15500 (26%)]	Loss: 0.588481
root - INFO - Train Epoch: 3 [4800/15500 (31%)]	Loss: 0.625089
root - INFO - Train Epoch: 3 [5600/15500 (36%)]	Loss: 0.649228
root - INFO - Train Epoch: 3 [6400/15500 (41%)]	Loss: 0.610793
root - INFO - Train Epoch: 3 [7200/15500 (46%)]	Loss: 0.615270
root - INFO - Train Epoch: 3 [8000/15500 (52%)]	Loss: 0.627169
root - INFO - Train Epoch: 3 [8800/15500 (57%)]	Loss: 0.603685
root - INFO - Train Epoch: 3 [9600/15500 (62%)]	Loss: 0.632296
root - INFO - Train Epoch: 3 [10400/15500 (67%)]	Loss: 0.631917
root - INFO - Train Epoch: 3 [11200/15500 (72%)]	Loss: 0.620112
root - INFO - Train Epoch: 3 [12000/15500 (77%)]	Loss: 0.618739
root - INFO - Train Epoch: 3 [12800/15500 (83%)]	Loss: 0.646746
root - INFO - Train Epoch: 3 [13600/15500 (88%)]	Loss: 0.613772
root - INFO - Train Epoch: 3 [14400/15500 (93%)]	Loss: 0.637331
root - INFO - Train Epoch: 3 [15200/15500 (98%)]	Loss: 0.624699
root - INFO - Class 0 枪支部件: Precision: 0.2743, Recall: 0.0874, F1: 0.1326
root - INFO - Class 1 枪支: Precision: 0.3807, Recall: 0.4719, F1: 0.4214
root - INFO - Class 2 刀具: Precision: 0.5021, Recall: 0.7902, F1: 0.6141
root - INFO - Class 3 打火机: Precision: 0.4839, Recall: 0.9007, F1: 0.6296
root - INFO - Class 4 充电宝锂电池: Precision: 0.4081, Recall: 0.6356, F1: 0.4971
root - INFO - Overall: Precision: 0.4460, Recall: 0.6140, F1: 0.5167
root - INFO - Class 0 枪支部件: Precision: 0.3159, Recall: 0.2725, F1: 0.2926
root - INFO - Class 1 枪支: Precision: 0.3963, Recall: 0.9538, F1: 0.5600
root - INFO - Class 2 刀具: Precision: 0.1911, Recall: 0.0855, F1: 0.1181
root - INFO - Class 3 打火机: Precision: 0.8750, Recall: 0.5385, F1: 0.6667
root - INFO - Class 4 充电宝锂电池: Precision: 0.2442, Recall: 0.0408, F1: 0.0699
root - INFO - Overall: Precision: 0.3924, Recall: 0.3457, F1: 0.3676
root - INFO - Epoch 4 is starting
root - INFO - Train Epoch: 4 [0/15500 (0%)]	Loss: 0.661326
root - INFO - Train Epoch: 4 [800/15500 (5%)]	Loss: 0.616796
root - INFO - Train Epoch: 4 [1600/15500 (10%)]	Loss: 0.634308
root - INFO - Train Epoch: 4 [2400/15500 (15%)]	Loss: 0.607132
root - INFO - Train Epoch: 4 [3200/15500 (21%)]	Loss: 0.647871
root - INFO - Train Epoch: 4 [4000/15500 (26%)]	Loss: 0.685744
root - INFO - Train Epoch: 4 [4800/15500 (31%)]	Loss: 0.591764
root - INFO - Train Epoch: 4 [5600/15500 (36%)]	Loss: 0.613241
root - INFO - Train Epoch: 4 [6400/15500 (41%)]	Loss: 0.573795
root - INFO - Train Epoch: 4 [7200/15500 (46%)]	Loss: 0.601259
root - INFO - Train Epoch: 4 [8000/15500 (52%)]	Loss: 0.654823
root - INFO - Train Epoch: 4 [8800/15500 (57%)]	Loss: 0.622575
root - INFO - Train Epoch: 4 [9600/15500 (62%)]	Loss: 0.601102
root - INFO - Train Epoch: 4 [10400/15500 (67%)]	Loss: 0.616796
root - INFO - Train Epoch: 4 [11200/15500 (72%)]	Loss: 0.622822
root - INFO - Train Epoch: 4 [12000/15500 (77%)]	Loss: 0.657961
root - INFO - Train Epoch: 4 [12800/15500 (83%)]	Loss: 0.610442
root - INFO - Train Epoch: 4 [13600/15500 (88%)]	Loss: 0.600488
root - INFO - Train Epoch: 4 [14400/15500 (93%)]	Loss: 0.609270
root - INFO - Train Epoch: 4 [15200/15500 (98%)]	Loss: 0.599994
root - INFO - Class 0 枪支部件: Precision: 0.3031, Recall: 0.0828, F1: 0.1301
root - INFO - Class 1 枪支: Precision: 0.3971, Recall: 0.4980, F1: 0.4419
root - INFO - Class 2 刀具: Precision: 0.5049, Recall: 0.7971, F1: 0.6182
root - INFO - Class 3 打火机: Precision: 0.4862, Recall: 0.9060, F1: 0.6328
root - INFO - Class 4 充电宝锂电池: Precision: 0.4128, Recall: 0.6229, F1: 0.4965
root - INFO - Overall: Precision: 0.4533, Recall: 0.6184, F1: 0.5232
root - INFO - Class 0 枪支部件: Precision: 0.3173, Recall: 0.2833, F1: 0.2993
root - INFO - Class 1 枪支: Precision: 0.4024, Recall: 0.9473, F1: 0.5649
root - INFO - Class 2 刀具: Precision: 0.1907, Recall: 0.0818, F1: 0.1145
root - INFO - Class 3 打火机: Precision: 0.8810, Recall: 0.4950, F1: 0.6338
root - INFO - Class 4 充电宝锂电池: Precision: 0.2500, Recall: 0.0505, F1: 0.0840
root - INFO - Overall: Precision: 0.3920, Recall: 0.3422, F1: 0.3654
root - INFO - Epoch 5 is starting
root - INFO - Train Epoch: 5 [0/15500 (0%)]	Loss: 0.623804
root - INFO - Train Epoch: 5 [800/15500 (5%)]	Loss: 0.672772
root - INFO - Train Epoch: 5 [1600/15500 (10%)]	Loss: 0.626500
root - INFO - Train Epoch: 5 [2400/15500 (15%)]	Loss: 0.646659
root - INFO - Train Epoch: 5 [3200/15500 (21%)]	Loss: 0.649350
root - INFO - Train Epoch: 5 [4000/15500 (26%)]	Loss: 0.601293
root - INFO - Train Epoch: 5 [4800/15500 (31%)]	Loss: 0.591629
root - INFO - Train Epoch: 5 [5600/15500 (36%)]	Loss: 0.612676
root - INFO - Train Epoch: 5 [6400/15500 (41%)]	Loss: 0.607526
root - INFO - Train Epoch: 5 [7200/15500 (46%)]	Loss: 0.614195
root - INFO - Train Epoch: 5 [8000/15500 (52%)]	Loss: 0.596505
root - INFO - Train Epoch: 5 [8800/15500 (57%)]	Loss: 0.583587
root - INFO - Train Epoch: 5 [9600/15500 (62%)]	Loss: 0.566111
root - INFO - Train Epoch: 5 [10400/15500 (67%)]	Loss: 0.609586
root - INFO - Train Epoch: 5 [11200/15500 (72%)]	Loss: 0.633085
root - INFO - Train Epoch: 5 [12000/15500 (77%)]	Loss: 0.634341
root - INFO - Train Epoch: 5 [12800/15500 (83%)]	Loss: 0.607034
root - INFO - Train Epoch: 5 [13600/15500 (88%)]	Loss: 0.592080
root - INFO - Train Epoch: 5 [14400/15500 (93%)]	Loss: 0.592857
root - INFO - Train Epoch: 5 [15200/15500 (98%)]	Loss: 0.647307
root - INFO - Class 0 枪支部件: Precision: 0.3287, Recall: 0.0831, F1: 0.1327
root - INFO - Class 1 枪支: Precision: 0.4048, Recall: 0.5289, F1: 0.4586
root - INFO - Class 2 刀具: Precision: 0.5091, Recall: 0.7981, F1: 0.6216
root - INFO - Class 3 打火机: Precision: 0.4854, Recall: 0.9144, F1: 0.6342
root - INFO - Class 4 充电宝锂电池: Precision: 0.4147, Recall: 0.6201, F1: 0.4970
root - INFO - Overall: Precision: 0.4568, Recall: 0.6258, F1: 0.5281
root - INFO - Class 0 枪支部件: Precision: 0.2876, Recall: 0.2296, F1: 0.2554
root - INFO - Class 1 枪支: Precision: 0.4099, Recall: 0.9253, F1: 0.5682
root - INFO - Class 2 刀具: Precision: 0.1397, Recall: 0.0455, F1: 0.0686
root - INFO - Class 3 打火机: Precision: 0.9708, Recall: 0.4448, F1: 0.6101
root - INFO - Class 4 充电宝锂电池: Precision: 0.2449, Recall: 0.0233, F1: 0.0426
root - INFO - Overall: Precision: 0.3957, Recall: 0.3055, F1: 0.3448
root - INFO - Early Stopping @ epoch 5
