root - INFO - 参数配置: Namespace(device='cuda:0', batchsize=16, learning_rate=0.01, epochs=30, model='small_deconv3d_dropout0.5', center_loss=False, conf_thres=0.4, label_smooth=0.1, specific_cls_sample=False, num_class=5, p_dropout=0.5, p_conv_dropout=0.5)
root - INFO - Epoch 0 is starting
root - INFO - Train Epoch: 0 [0/15500 (0%)]	Loss: 0.707161
root - INFO - Train Epoch: 0 [800/15500 (5%)]	Loss: 0.633940
root - INFO - Train Epoch: 0 [1600/15500 (10%)]	Loss: 0.599364
root - INFO - Train Epoch: 0 [2400/15500 (15%)]	Loss: 0.650873
root - INFO - Train Epoch: 0 [3200/15500 (21%)]	Loss: 0.628193
root - INFO - Train Epoch: 0 [4000/15500 (26%)]	Loss: 0.623008
root - INFO - Train Epoch: 0 [4800/15500 (31%)]	Loss: 0.652385
root - INFO - Train Epoch: 0 [5600/15500 (36%)]	Loss: 0.615051
root - INFO - Train Epoch: 0 [6400/15500 (41%)]	Loss: 0.635653
root - INFO - Train Epoch: 0 [7200/15500 (46%)]	Loss: 0.629908
root - INFO - Train Epoch: 0 [8000/15500 (52%)]	Loss: 0.610208
root - INFO - Train Epoch: 0 [8800/15500 (57%)]	Loss: 0.633276
root - INFO - Train Epoch: 0 [9600/15500 (62%)]	Loss: 0.611180
root - INFO - Train Epoch: 0 [10400/15500 (67%)]	Loss: 0.631069
root - INFO - Train Epoch: 0 [11200/15500 (72%)]	Loss: 0.608544
root - INFO - Train Epoch: 0 [12000/15500 (77%)]	Loss: 0.647909
root - INFO - Train Epoch: 0 [12800/15500 (83%)]	Loss: 0.647432
root - INFO - Train Epoch: 0 [13600/15500 (88%)]	Loss: 0.618902
root - INFO - Train Epoch: 0 [14400/15500 (93%)]	Loss: 0.642165
root - INFO - Train Epoch: 0 [15200/15500 (98%)]	Loss: 0.631978
root - INFO - Class 0 枪支部件: Precision: 0.2359, Recall: 0.1388, F1: 0.1748
root - INFO - Class 1 枪支: Precision: 0.3246, Recall: 0.5139, F1: 0.3979
root - INFO - Class 2 刀具: Precision: 0.4891, Recall: 0.7936, F1: 0.6052
root - INFO - Class 3 打火机: Precision: 0.4693, Recall: 0.8243, F1: 0.5981
root - INFO - Class 4 充电宝锂电池: Precision: 0.3896, Recall: 0.6725, F1: 0.4934
root - INFO - Overall: Precision: 0.4127, Recall: 0.6224, F1: 0.4963
root - INFO - Class 0 枪支部件: Precision: 0.6296, Recall: 0.0365, F1: 0.0690
root - INFO - Class 1 枪支: Precision: 0.3701, Recall: 0.9670, F1: 0.5353
root - INFO - Class 2 刀具: Precision: 0.1228, Recall: 0.0127, F1: 0.0231
root - INFO - Class 3 打火机: Precision: 0.7664, Recall: 0.5485, F1: 0.6394
root - INFO - Class 4 充电宝锂电池: Precision: 0.2734, Recall: 0.0680, F1: 0.1089
root - INFO - Overall: Precision: 0.4105, Recall: 0.2902, F1: 0.3400
matplotlib.pyplot - DEBUG - Loaded backend agg version v2.2.
matplotlib.font_manager - DEBUG - findfont: Matching sans\-serif:style=normal:variant=normal:weight=normal:stretch=normal:size=10.0.
matplotlib.font_manager - DEBUG - findfont: score(FontEntry(fname='/opt/conda/envs/pytorch_lwz/lib/python3.9/site-packages/matplotlib/mpl-data/fonts/ttf/cmsy10.ttf', name='cmsy10', style='normal', variant='normal', weight=400, stretch='normal', size='scalable')) = 10.05
matplotlib.font_manager - DEBUG - findfont: score(FontEntry(fname='/opt/conda/envs/pytorch_lwz/lib/python3.9/site-packages/matplotlib/mpl-data/fonts/ttf/STIXNonUni.ttf', name='STIXNonUnicode', style='normal', variant='normal', weight=400, stretch='normal', size='scalable')) = 10.05
matplotlib.font_manager - DEBUG - findfont: score(FontEntry(fname='/opt/conda/envs/pytorch_lwz/lib/python3.9/site-packages/matplotlib/mpl-data/fonts/ttf/DejaVuSans-BoldOblique.ttf', name='DejaVu Sans', style='oblique', variant='normal', weight=700, stretch='normal', size='scalable')) = 1.335
matplotlib.font_manager - DEBUG - findfont: score(FontEntry(fname='/opt/conda/envs/pytorch_lwz/lib/python3.9/site-packages/matplotlib/mpl-data/fonts/ttf/DejaVuSansMono-Oblique.ttf', name='DejaVu Sans Mono', style='oblique', variant='normal', weight=400, stretch='normal', size='scalable')) = 11.05
matplotlib.font_manager - DEBUG - findfont: score(FontEntry(fname='/opt/conda/envs/pytorch_lwz/lib/python3.9/site-packages/matplotlib/mpl-data/fonts/ttf/DejaVuSansDisplay.ttf', name='DejaVu Sans Display', style='normal', variant='normal', weight=400, stretch='normal', size='scalable')) = 10.05
matplotlib.font_manager - DEBUG - findfont: score(FontEntry(fname='/opt/conda/envs/pytorch_lwz/lib/python3.9/site-packages/matplotlib/mpl-data/fonts/ttf/DejaVuSerif-Italic.ttf', name='DejaVu Serif', style='italic', variant='normal', weight=400, stretch='normal', size='scalable')) = 11.05
matplotlib.font_manager - DEBUG - findfont: score(FontEntry(fname='/opt/conda/envs/pytorch_lwz/lib/python3.9/site-packages/matplotlib/mpl-data/fonts/ttf/STIXNonUniIta.ttf', name='STIXNonUnicode', style='italic', variant='normal', weight=400, stretch='normal', size='scalable')) = 11.05
matplotlib.font_manager - DEBUG - findfont: score(FontEntry(fname='/opt/conda/envs/pytorch_lwz/lib/python3.9/site-packages/matplotlib/mpl-data/fonts/ttf/STIXSizFourSymBol.ttf', name='STIXSizeFourSym', style='normal', variant='normal', weight=700, stretch='normal', size='scalable')) = 10.335
matplotlib.font_manager - DEBUG - findfont: score(FontEntry(fname='/opt/conda/envs/pytorch_lwz/lib/python3.9/site-packages/matplotlib/mpl-data/fonts/ttf/DejaVuSansMono-BoldOblique.ttf', name='DejaVu Sans Mono', style='oblique', variant='normal', weight=700, stretch='normal', size='scalable')) = 11.335
matplotlib.font_manager - DEBUG - findfont: score(FontEntry(fname='/opt/conda/envs/pytorch_lwz/lib/python3.9/site-packages/matplotlib/mpl-data/fonts/ttf/DejaVuSansMono.ttf', name='DejaVu Sans Mono', style='normal', variant='normal', weight=400, stretch='normal', size='scalable')) = 10.05
matplotlib.font_manager - DEBUG - findfont: score(FontEntry(fname='/opt/conda/envs/pytorch_lwz/lib/python3.9/site-packages/matplotlib/mpl-data/fonts/ttf/STIXSizThreeSymBol.ttf', name='STIXSizeThreeSym', style='normal', variant='normal', weight=700, stretch='normal', size='scalable')) = 10.335
matplotlib.font_manager - DEBUG - findfont: score(FontEntry(fname='/opt/conda/envs/pytorch_lwz/lib/python3.9/site-packages/matplotlib/mpl-data/fonts/ttf/STIXSizThreeSymReg.ttf', name='STIXSizeThreeSym', style='normal', variant='normal', weight=400, stretch='normal', size='scalable')) = 10.05
matplotlib.font_manager - DEBUG - findfont: score(FontEntry(fname='/opt/conda/envs/pytorch_lwz/lib/python3.9/site-packages/matplotlib/mpl-data/fonts/ttf/DejaVuSans-Bold.ttf', name='DejaVu Sans', style='normal', variant='normal', weight=700, stretch='normal', size='scalable')) = 0.33499999999999996
matplotlib.font_manager - DEBUG - findfont: score(FontEntry(fname='/opt/conda/envs/pytorch_lwz/lib/python3.9/site-packages/matplotlib/mpl-data/fonts/ttf/STIXNonUniBol.ttf', name='STIXNonUnicode', style='normal', variant='normal', weight=700, stretch='normal', size='scalable')) = 10.335
matplotlib.font_manager - DEBUG - findfont: score(FontEntry(fname='/opt/conda/envs/pytorch_lwz/lib/python3.9/site-packages/matplotlib/mpl-data/fonts/ttf/DejaVuSans.ttf', name='DejaVu Sans', style='normal', variant='normal', weight=400, stretch='normal', size='scalable')) = 0.05
matplotlib.font_manager - DEBUG - findfont: score(FontEntry(fname='/opt/conda/envs/pytorch_lwz/lib/python3.9/site-packages/matplotlib/mpl-data/fonts/ttf/cmex10.ttf', name='cmex10', style='normal', variant='normal', weight=400, stretch='normal', size='scalable')) = 10.05
matplotlib.font_manager - DEBUG - findfont: score(FontEntry(fname='/opt/conda/envs/pytorch_lwz/lib/python3.9/site-packages/matplotlib/mpl-data/fonts/ttf/STIXSizOneSymBol.ttf', name='STIXSizeOneSym', style='normal', variant='normal', weight=700, stretch='normal', size='scalable')) = 10.335
matplotlib.font_manager - DEBUG - findfont: score(FontEntry(fname='/opt/conda/envs/pytorch_lwz/lib/python3.9/site-packages/matplotlib/mpl-data/fonts/ttf/STIXGeneralBol.ttf', name='STIXGeneral', style='normal', variant='normal', weight=700, stretch='normal', size='scalable')) = 10.335
matplotlib.font_manager - DEBUG - findfont: score(FontEntry(fname='/opt/conda/envs/pytorch_lwz/lib/python3.9/site-packages/matplotlib/mpl-data/fonts/ttf/DejaVuSansMono-Bold.ttf', name='DejaVu Sans Mono', style='normal', variant='normal', weight=700, stretch='normal', size='scalable')) = 10.335
matplotlib.font_manager - DEBUG - findfont: score(FontEntry(fname='/opt/conda/envs/pytorch_lwz/lib/python3.9/site-packages/matplotlib/mpl-data/fonts/ttf/STIXSizTwoSymBol.ttf', name='STIXSizeTwoSym', style='normal', variant='normal', weight=700, stretch='normal', size='scalable')) = 10.335
matplotlib.font_manager - DEBUG - findfont: score(FontEntry(fname='/opt/conda/envs/pytorch_lwz/lib/python3.9/site-packages/matplotlib/mpl-data/fonts/ttf/STIXGeneralBolIta.ttf', name='STIXGeneral', style='italic', variant='normal', weight=700, stretch='normal', size='scalable')) = 11.335
matplotlib.font_manager - DEBUG - findfont: score(FontEntry(fname='/opt/conda/envs/pytorch_lwz/lib/python3.9/site-packages/matplotlib/mpl-data/fonts/ttf/DejaVuSerif-Bold.ttf', name='DejaVu Serif', style='normal', variant='normal', weight=700, stretch='normal', size='scalable')) = 10.335
matplotlib.font_manager - DEBUG - findfont: score(FontEntry(fname='/opt/conda/envs/pytorch_lwz/lib/python3.9/site-packages/matplotlib/mpl-data/fonts/ttf/DejaVuSans-Oblique.ttf', name='DejaVu Sans', style='oblique', variant='normal', weight=400, stretch='normal', size='scalable')) = 1.05
matplotlib.font_manager - DEBUG - findfont: score(FontEntry(fname='/opt/conda/envs/pytorch_lwz/lib/python3.9/site-packages/matplotlib/mpl-data/fonts/ttf/cmmi10.ttf', name='cmmi10', style='normal', variant='normal', weight=400, stretch='normal', size='scalable')) = 10.05
matplotlib.font_manager - DEBUG - findfont: score(FontEntry(fname='/opt/conda/envs/pytorch_lwz/lib/python3.9/site-packages/matplotlib/mpl-data/fonts/ttf/STIXSizFourSymReg.ttf', name='STIXSizeFourSym', style='normal', variant='normal', weight=400, stretch='normal', size='scalable')) = 10.05
matplotlib.font_manager - DEBUG - findfont: score(FontEntry(fname='/opt/conda/envs/pytorch_lwz/lib/python3.9/site-packages/matplotlib/mpl-data/fonts/ttf/STIXGeneral.ttf', name='STIXGeneral', style='normal', variant='normal', weight=400, stretch='normal', size='scalable')) = 10.05
matplotlib.font_manager - DEBUG - findfont: score(FontEntry(fname='/opt/conda/envs/pytorch_lwz/lib/python3.9/site-packages/matplotlib/mpl-data/fonts/ttf/STIXGeneralItalic.ttf', name='STIXGeneral', style='italic', variant='normal', weight=400, stretch='normal', size='scalable')) = 11.05
matplotlib.font_manager - DEBUG - findfont: score(FontEntry(fname='/opt/conda/envs/pytorch_lwz/lib/python3.9/site-packages/matplotlib/mpl-data/fonts/ttf/cmr10.ttf', name='cmr10', style='normal', variant='normal', weight=400, stretch='normal', size='scalable')) = 10.05
matplotlib.font_manager - DEBUG - findfont: score(FontEntry(fname='/opt/conda/envs/pytorch_lwz/lib/python3.9/site-packages/matplotlib/mpl-data/fonts/ttf/DejaVuSerif-BoldItalic.ttf', name='DejaVu Serif', style='italic', variant='normal', weight=700, stretch='normal', size='scalable')) = 11.335
matplotlib.font_manager - DEBUG - findfont: score(FontEntry(fname='/opt/conda/envs/pytorch_lwz/lib/python3.9/site-packages/matplotlib/mpl-data/fonts/ttf/DejaVuSerif.ttf', name='DejaVu Serif', style='normal', variant='normal', weight=400, stretch='normal', size='scalable')) = 10.05
matplotlib.font_manager - DEBUG - findfont: score(FontEntry(fname='/opt/conda/envs/pytorch_lwz/lib/python3.9/site-packages/matplotlib/mpl-data/fonts/ttf/STIXSizFiveSymReg.ttf', name='STIXSizeFiveSym', style='normal', variant='normal', weight=400, stretch='normal', size='scalable')) = 10.05
matplotlib.font_manager - DEBUG - findfont: score(FontEntry(fname='/opt/conda/envs/pytorch_lwz/lib/python3.9/site-packages/matplotlib/mpl-data/fonts/ttf/cmb10.ttf', name='cmb10', style='normal', variant='normal', weight=400, stretch='normal', size='scalable')) = 10.05
matplotlib.font_manager - DEBUG - findfont: score(FontEntry(fname='/opt/conda/envs/pytorch_lwz/lib/python3.9/site-packages/matplotlib/mpl-data/fonts/ttf/STIXSizOneSymReg.ttf', name='STIXSizeOneSym', style='normal', variant='normal', weight=400, stretch='normal', size='scalable')) = 10.05
matplotlib.font_manager - DEBUG - findfont: score(FontEntry(fname='/opt/conda/envs/pytorch_lwz/lib/python3.9/site-packages/matplotlib/mpl-data/fonts/ttf/DejaVuSerifDisplay.ttf', name='DejaVu Serif Display', style='normal', variant='normal', weight=400, stretch='normal', size='scalable')) = 10.05
matplotlib.font_manager - DEBUG - findfont: score(FontEntry(fname='/opt/conda/envs/pytorch_lwz/lib/python3.9/site-packages/matplotlib/mpl-data/fonts/ttf/cmss10.ttf', name='cmss10', style='normal', variant='normal', weight=400, stretch='normal', size='scalable')) = 10.05
matplotlib.font_manager - DEBUG - findfont: score(FontEntry(fname='/opt/conda/envs/pytorch_lwz/lib/python3.9/site-packages/matplotlib/mpl-data/fonts/ttf/STIXSizTwoSymReg.ttf', name='STIXSizeTwoSym', style='normal', variant='normal', weight=400, stretch='normal', size='scalable')) = 10.05
matplotlib.font_manager - DEBUG - findfont: score(FontEntry(fname='/opt/conda/envs/pytorch_lwz/lib/python3.9/site-packages/matplotlib/mpl-data/fonts/ttf/cmtt10.ttf', name='cmtt10', style='normal', variant='normal', weight=400, stretch='normal', size='scalable')) = 10.05
matplotlib.font_manager - DEBUG - findfont: score(FontEntry(fname='/opt/conda/envs/pytorch_lwz/lib/python3.9/site-packages/matplotlib/mpl-data/fonts/ttf/STIXNonUniBolIta.ttf', name='STIXNonUnicode', style='italic', variant='normal', weight=700, stretch='normal', size='scalable')) = 11.335
matplotlib.font_manager - DEBUG - findfont: score(FontEntry(fname='/usr/share/fonts/truetype/dejavu/DejaVuSerif-Bold.ttf', name='DejaVu Serif', style='normal', variant='normal', weight=700, stretch='normal', size='scalable')) = 10.335
matplotlib.font_manager - DEBUG - findfont: score(FontEntry(fname='/usr/share/fonts/truetype/dejavu/DejaVuSerif.ttf', name='DejaVu Serif', style='normal', variant='normal', weight=400, stretch='normal', size='scalable')) = 10.05
matplotlib.font_manager - DEBUG - findfont: score(FontEntry(fname='/usr/share/fonts/truetype/dejavu/DejaVuSansMono.ttf', name='DejaVu Sans Mono', style='normal', variant='normal', weight=400, stretch='normal', size='scalable')) = 10.05
matplotlib.font_manager - DEBUG - findfont: score(FontEntry(fname='/usr/share/fonts/truetype/dejavu/DejaVuSans-Bold.ttf', name='DejaVu Sans', style='normal', variant='normal', weight=700, stretch='normal', size='scalable')) = 0.33499999999999996
matplotlib.font_manager - DEBUG - findfont: score(FontEntry(fname='/usr/share/fonts/truetype/dejavu/DejaVuSansMono-Bold.ttf', name='DejaVu Sans Mono', style='normal', variant='normal', weight=700, stretch='normal', size='scalable')) = 10.335
matplotlib.font_manager - DEBUG - findfont: score(FontEntry(fname='/usr/share/fonts/truetype/dejavu/DejaVuSans.ttf', name='DejaVu Sans', style='normal', variant='normal', weight=400, stretch='normal', size='scalable')) = 0.05
matplotlib.font_manager - DEBUG - findfont: Matching sans\-serif:style=normal:variant=normal:weight=normal:stretch=normal:size=10.0 to DejaVu Sans ('/opt/conda/envs/pytorch_lwz/lib/python3.9/site-packages/matplotlib/mpl-data/fonts/ttf/DejaVuSans.ttf') with score of 0.050000.
matplotlib.font_manager - DEBUG - findfont: Matching sans\-serif:style=normal:variant=normal:weight=normal:stretch=normal:size=12.0.
matplotlib.font_manager - DEBUG - findfont: score(FontEntry(fname='/opt/conda/envs/pytorch_lwz/lib/python3.9/site-packages/matplotlib/mpl-data/fonts/ttf/cmsy10.ttf', name='cmsy10', style='normal', variant='normal', weight=400, stretch='normal', size='scalable')) = 10.05
matplotlib.font_manager - DEBUG - findfont: score(FontEntry(fname='/opt/conda/envs/pytorch_lwz/lib/python3.9/site-packages/matplotlib/mpl-data/fonts/ttf/STIXNonUni.ttf', name='STIXNonUnicode', style='normal', variant='normal', weight=400, stretch='normal', size='scalable')) = 10.05
matplotlib.font_manager - DEBUG - findfont: score(FontEntry(fname='/opt/conda/envs/pytorch_lwz/lib/python3.9/site-packages/matplotlib/mpl-data/fonts/ttf/DejaVuSans-BoldOblique.ttf', name='DejaVu Sans', style='oblique', variant='normal', weight=700, stretch='normal', size='scalable')) = 1.335
matplotlib.font_manager - DEBUG - findfont: score(FontEntry(fname='/opt/conda/envs/pytorch_lwz/lib/python3.9/site-packages/matplotlib/mpl-data/fonts/ttf/DejaVuSansMono-Oblique.ttf', name='DejaVu Sans Mono', style='oblique', variant='normal', weight=400, stretch='normal', size='scalable')) = 11.05
matplotlib.font_manager - DEBUG - findfont: score(FontEntry(fname='/opt/conda/envs/pytorch_lwz/lib/python3.9/site-packages/matplotlib/mpl-data/fonts/ttf/DejaVuSansDisplay.ttf', name='DejaVu Sans Display', style='normal', variant='normal', weight=400, stretch='normal', size='scalable')) = 10.05
matplotlib.font_manager - DEBUG - findfont: score(FontEntry(fname='/opt/conda/envs/pytorch_lwz/lib/python3.9/site-packages/matplotlib/mpl-data/fonts/ttf/DejaVuSerif-Italic.ttf', name='DejaVu Serif', style='italic', variant='normal', weight=400, stretch='normal', size='scalable')) = 11.05
matplotlib.font_manager - DEBUG - findfont: score(FontEntry(fname='/opt/conda/envs/pytorch_lwz/lib/python3.9/site-packages/matplotlib/mpl-data/fonts/ttf/STIXNonUniIta.ttf', name='STIXNonUnicode', style='italic', variant='normal', weight=400, stretch='normal', size='scalable')) = 11.05
matplotlib.font_manager - DEBUG - findfont: score(FontEntry(fname='/opt/conda/envs/pytorch_lwz/lib/python3.9/site-packages/matplotlib/mpl-data/fonts/ttf/STIXSizFourSymBol.ttf', name='STIXSizeFourSym', style='normal', variant='normal', weight=700, stretch='normal', size='scalable')) = 10.335
matplotlib.font_manager - DEBUG - findfont: score(FontEntry(fname='/opt/conda/envs/pytorch_lwz/lib/python3.9/site-packages/matplotlib/mpl-data/fonts/ttf/DejaVuSansMono-BoldOblique.ttf', name='DejaVu Sans Mono', style='oblique', variant='normal', weight=700, stretch='normal', size='scalable')) = 11.335
matplotlib.font_manager - DEBUG - findfont: score(FontEntry(fname='/opt/conda/envs/pytorch_lwz/lib/python3.9/site-packages/matplotlib/mpl-data/fonts/ttf/DejaVuSansMono.ttf', name='DejaVu Sans Mono', style='normal', variant='normal', weight=400, stretch='normal', size='scalable')) = 10.05
matplotlib.font_manager - DEBUG - findfont: score(FontEntry(fname='/opt/conda/envs/pytorch_lwz/lib/python3.9/site-packages/matplotlib/mpl-data/fonts/ttf/STIXSizThreeSymBol.ttf', name='STIXSizeThreeSym', style='normal', variant='normal', weight=700, stretch='normal', size='scalable')) = 10.335
matplotlib.font_manager - DEBUG - findfont: score(FontEntry(fname='/opt/conda/envs/pytorch_lwz/lib/python3.9/site-packages/matplotlib/mpl-data/fonts/ttf/STIXSizThreeSymReg.ttf', name='STIXSizeThreeSym', style='normal', variant='normal', weight=400, stretch='normal', size='scalable')) = 10.05
matplotlib.font_manager - DEBUG - findfont: score(FontEntry(fname='/opt/conda/envs/pytorch_lwz/lib/python3.9/site-packages/matplotlib/mpl-data/fonts/ttf/DejaVuSans-Bold.ttf', name='DejaVu Sans', style='normal', variant='normal', weight=700, stretch='normal', size='scalable')) = 0.33499999999999996
matplotlib.font_manager - DEBUG - findfont: score(FontEntry(fname='/opt/conda/envs/pytorch_lwz/lib/python3.9/site-packages/matplotlib/mpl-data/fonts/ttf/STIXNonUniBol.ttf', name='STIXNonUnicode', style='normal', variant='normal', weight=700, stretch='normal', size='scalable')) = 10.335
matplotlib.font_manager - DEBUG - findfont: score(FontEntry(fname='/opt/conda/envs/pytorch_lwz/lib/python3.9/site-packages/matplotlib/mpl-data/fonts/ttf/DejaVuSans.ttf', name='DejaVu Sans', style='normal', variant='normal', weight=400, stretch='normal', size='scalable')) = 0.05
matplotlib.font_manager - DEBUG - findfont: score(FontEntry(fname='/opt/conda/envs/pytorch_lwz/lib/python3.9/site-packages/matplotlib/mpl-data/fonts/ttf/cmex10.ttf', name='cmex10', style='normal', variant='normal', weight=400, stretch='normal', size='scalable')) = 10.05
matplotlib.font_manager - DEBUG - findfont: score(FontEntry(fname='/opt/conda/envs/pytorch_lwz/lib/python3.9/site-packages/matplotlib/mpl-data/fonts/ttf/STIXSizOneSymBol.ttf', name='STIXSizeOneSym', style='normal', variant='normal', weight=700, stretch='normal', size='scalable')) = 10.335
matplotlib.font_manager - DEBUG - findfont: score(FontEntry(fname='/opt/conda/envs/pytorch_lwz/lib/python3.9/site-packages/matplotlib/mpl-data/fonts/ttf/STIXGeneralBol.ttf', name='STIXGeneral', style='normal', variant='normal', weight=700, stretch='normal', size='scalable')) = 10.335
matplotlib.font_manager - DEBUG - findfont: score(FontEntry(fname='/opt/conda/envs/pytorch_lwz/lib/python3.9/site-packages/matplotlib/mpl-data/fonts/ttf/DejaVuSansMono-Bold.ttf', name='DejaVu Sans Mono', style='normal', variant='normal', weight=700, stretch='normal', size='scalable')) = 10.335
matplotlib.font_manager - DEBUG - findfont: score(FontEntry(fname='/opt/conda/envs/pytorch_lwz/lib/python3.9/site-packages/matplotlib/mpl-data/fonts/ttf/STIXSizTwoSymBol.ttf', name='STIXSizeTwoSym', style='normal', variant='normal', weight=700, stretch='normal', size='scalable')) = 10.335
matplotlib.font_manager - DEBUG - findfont: score(FontEntry(fname='/opt/conda/envs/pytorch_lwz/lib/python3.9/site-packages/matplotlib/mpl-data/fonts/ttf/STIXGeneralBolIta.ttf', name='STIXGeneral', style='italic', variant='normal', weight=700, stretch='normal', size='scalable')) = 11.335
matplotlib.font_manager - DEBUG - findfont: score(FontEntry(fname='/opt/conda/envs/pytorch_lwz/lib/python3.9/site-packages/matplotlib/mpl-data/fonts/ttf/DejaVuSerif-Bold.ttf', name='DejaVu Serif', style='normal', variant='normal', weight=700, stretch='normal', size='scalable')) = 10.335
matplotlib.font_manager - DEBUG - findfont: score(FontEntry(fname='/opt/conda/envs/pytorch_lwz/lib/python3.9/site-packages/matplotlib/mpl-data/fonts/ttf/DejaVuSans-Oblique.ttf', name='DejaVu Sans', style='oblique', variant='normal', weight=400, stretch='normal', size='scalable')) = 1.05
matplotlib.font_manager - DEBUG - findfont: score(FontEntry(fname='/opt/conda/envs/pytorch_lwz/lib/python3.9/site-packages/matplotlib/mpl-data/fonts/ttf/cmmi10.ttf', name='cmmi10', style='normal', variant='normal', weight=400, stretch='normal', size='scalable')) = 10.05
matplotlib.font_manager - DEBUG - findfont: score(FontEntry(fname='/opt/conda/envs/pytorch_lwz/lib/python3.9/site-packages/matplotlib/mpl-data/fonts/ttf/STIXSizFourSymReg.ttf', name='STIXSizeFourSym', style='normal', variant='normal', weight=400, stretch='normal', size='scalable')) = 10.05
matplotlib.font_manager - DEBUG - findfont: score(FontEntry(fname='/opt/conda/envs/pytorch_lwz/lib/python3.9/site-packages/matplotlib/mpl-data/fonts/ttf/STIXGeneral.ttf', name='STIXGeneral', style='normal', variant='normal', weight=400, stretch='normal', size='scalable')) = 10.05
matplotlib.font_manager - DEBUG - findfont: score(FontEntry(fname='/opt/conda/envs/pytorch_lwz/lib/python3.9/site-packages/matplotlib/mpl-data/fonts/ttf/STIXGeneralItalic.ttf', name='STIXGeneral', style='italic', variant='normal', weight=400, stretch='normal', size='scalable')) = 11.05
matplotlib.font_manager - DEBUG - findfont: score(FontEntry(fname='/opt/conda/envs/pytorch_lwz/lib/python3.9/site-packages/matplotlib/mpl-data/fonts/ttf/cmr10.ttf', name='cmr10', style='normal', variant='normal', weight=400, stretch='normal', size='scalable')) = 10.05
matplotlib.font_manager - DEBUG - findfont: score(FontEntry(fname='/opt/conda/envs/pytorch_lwz/lib/python3.9/site-packages/matplotlib/mpl-data/fonts/ttf/DejaVuSerif-BoldItalic.ttf', name='DejaVu Serif', style='italic', variant='normal', weight=700, stretch='normal', size='scalable')) = 11.335
matplotlib.font_manager - DEBUG - findfont: score(FontEntry(fname='/opt/conda/envs/pytorch_lwz/lib/python3.9/site-packages/matplotlib/mpl-data/fonts/ttf/DejaVuSerif.ttf', name='DejaVu Serif', style='normal', variant='normal', weight=400, stretch='normal', size='scalable')) = 10.05
matplotlib.font_manager - DEBUG - findfont: score(FontEntry(fname='/opt/conda/envs/pytorch_lwz/lib/python3.9/site-packages/matplotlib/mpl-data/fonts/ttf/STIXSizFiveSymReg.ttf', name='STIXSizeFiveSym', style='normal', variant='normal', weight=400, stretch='normal', size='scalable')) = 10.05
matplotlib.font_manager - DEBUG - findfont: score(FontEntry(fname='/opt/conda/envs/pytorch_lwz/lib/python3.9/site-packages/matplotlib/mpl-data/fonts/ttf/cmb10.ttf', name='cmb10', style='normal', variant='normal', weight=400, stretch='normal', size='scalable')) = 10.05
matplotlib.font_manager - DEBUG - findfont: score(FontEntry(fname='/opt/conda/envs/pytorch_lwz/lib/python3.9/site-packages/matplotlib/mpl-data/fonts/ttf/STIXSizOneSymReg.ttf', name='STIXSizeOneSym', style='normal', variant='normal', weight=400, stretch='normal', size='scalable')) = 10.05
matplotlib.font_manager - DEBUG - findfont: score(FontEntry(fname='/opt/conda/envs/pytorch_lwz/lib/python3.9/site-packages/matplotlib/mpl-data/fonts/ttf/DejaVuSerifDisplay.ttf', name='DejaVu Serif Display', style='normal', variant='normal', weight=400, stretch='normal', size='scalable')) = 10.05
matplotlib.font_manager - DEBUG - findfont: score(FontEntry(fname='/opt/conda/envs/pytorch_lwz/lib/python3.9/site-packages/matplotlib/mpl-data/fonts/ttf/cmss10.ttf', name='cmss10', style='normal', variant='normal', weight=400, stretch='normal', size='scalable')) = 10.05
matplotlib.font_manager - DEBUG - findfont: score(FontEntry(fname='/opt/conda/envs/pytorch_lwz/lib/python3.9/site-packages/matplotlib/mpl-data/fonts/ttf/STIXSizTwoSymReg.ttf', name='STIXSizeTwoSym', style='normal', variant='normal', weight=400, stretch='normal', size='scalable')) = 10.05
matplotlib.font_manager - DEBUG - findfont: score(FontEntry(fname='/opt/conda/envs/pytorch_lwz/lib/python3.9/site-packages/matplotlib/mpl-data/fonts/ttf/cmtt10.ttf', name='cmtt10', style='normal', variant='normal', weight=400, stretch='normal', size='scalable')) = 10.05
matplotlib.font_manager - DEBUG - findfont: score(FontEntry(fname='/opt/conda/envs/pytorch_lwz/lib/python3.9/site-packages/matplotlib/mpl-data/fonts/ttf/STIXNonUniBolIta.ttf', name='STIXNonUnicode', style='italic', variant='normal', weight=700, stretch='normal', size='scalable')) = 11.335
matplotlib.font_manager - DEBUG - findfont: score(FontEntry(fname='/usr/share/fonts/truetype/dejavu/DejaVuSerif-Bold.ttf', name='DejaVu Serif', style='normal', variant='normal', weight=700, stretch='normal', size='scalable')) = 10.335
matplotlib.font_manager - DEBUG - findfont: score(FontEntry(fname='/usr/share/fonts/truetype/dejavu/DejaVuSerif.ttf', name='DejaVu Serif', style='normal', variant='normal', weight=400, stretch='normal', size='scalable')) = 10.05
matplotlib.font_manager - DEBUG - findfont: score(FontEntry(fname='/usr/share/fonts/truetype/dejavu/DejaVuSansMono.ttf', name='DejaVu Sans Mono', style='normal', variant='normal', weight=400, stretch='normal', size='scalable')) = 10.05
matplotlib.font_manager - DEBUG - findfont: score(FontEntry(fname='/usr/share/fonts/truetype/dejavu/DejaVuSans-Bold.ttf', name='DejaVu Sans', style='normal', variant='normal', weight=700, stretch='normal', size='scalable')) = 0.33499999999999996
matplotlib.font_manager - DEBUG - findfont: score(FontEntry(fname='/usr/share/fonts/truetype/dejavu/DejaVuSansMono-Bold.ttf', name='DejaVu Sans Mono', style='normal', variant='normal', weight=700, stretch='normal', size='scalable')) = 10.335
matplotlib.font_manager - DEBUG - findfont: score(FontEntry(fname='/usr/share/fonts/truetype/dejavu/DejaVuSans.ttf', name='DejaVu Sans', style='normal', variant='normal', weight=400, stretch='normal', size='scalable')) = 0.05
matplotlib.font_manager - DEBUG - findfont: Matching sans\-serif:style=normal:variant=normal:weight=normal:stretch=normal:size=12.0 to DejaVu Sans ('/opt/conda/envs/pytorch_lwz/lib/python3.9/site-packages/matplotlib/mpl-data/fonts/ttf/DejaVuSans.ttf') with score of 0.050000.
root - INFO - Epoch 1 is starting
root - INFO - Train Epoch: 1 [0/15500 (0%)]	Loss: 0.610094
root - INFO - Train Epoch: 1 [800/15500 (5%)]	Loss: 0.668501
root - INFO - Train Epoch: 1 [1600/15500 (10%)]	Loss: 0.602229
root - INFO - Train Epoch: 1 [2400/15500 (15%)]	Loss: 0.623270
root - INFO - Train Epoch: 1 [3200/15500 (21%)]	Loss: 0.618723
root - INFO - Train Epoch: 1 [4000/15500 (26%)]	Loss: 0.622358
root - INFO - Train Epoch: 1 [4800/15500 (31%)]	Loss: 0.618810
root - INFO - Train Epoch: 1 [5600/15500 (36%)]	Loss: 0.613821
root - INFO - Train Epoch: 1 [6400/15500 (41%)]	Loss: 0.626811
root - INFO - Train Epoch: 1 [7200/15500 (46%)]	Loss: 0.575345
root - INFO - Train Epoch: 1 [8000/15500 (52%)]	Loss: 0.587393
root - INFO - Train Epoch: 1 [8800/15500 (57%)]	Loss: 0.620917
root - INFO - Train Epoch: 1 [9600/15500 (62%)]	Loss: 0.613585
root - INFO - Train Epoch: 1 [10400/15500 (67%)]	Loss: 0.625171
root - INFO - Train Epoch: 1 [11200/15500 (72%)]	Loss: 0.635545
root - INFO - Train Epoch: 1 [12000/15500 (77%)]	Loss: 0.615027
root - INFO - Train Epoch: 1 [12800/15500 (83%)]	Loss: 0.627207
root - INFO - Train Epoch: 1 [13600/15500 (88%)]	Loss: 0.633278
root - INFO - Train Epoch: 1 [14400/15500 (93%)]	Loss: 0.609138
root - INFO - Train Epoch: 1 [15200/15500 (98%)]	Loss: 0.646235
root - INFO - Class 0 枪支部件: Precision: 0.2809, Recall: 0.0605, F1: 0.0996
root - INFO - Class 1 枪支: Precision: 0.3869, Recall: 0.4976, F1: 0.4353
root - INFO - Class 2 刀具: Precision: 0.5189, Recall: 0.7719, F1: 0.6206
root - INFO - Class 3 打火机: Precision: 0.4840, Recall: 0.8645, F1: 0.6205
root - INFO - Class 4 充电宝锂电池: Precision: 0.4187, Recall: 0.6293, F1: 0.5029
root - INFO - Overall: Precision: 0.4549, Recall: 0.6016, F1: 0.5181
root - INFO - Class 0 枪支部件: Precision: 0.0000, Recall: 0.0000, F1: 0.0000
root - INFO - Class 1 枪支: Precision: 0.3944, Recall: 0.4352, F1: 0.4138
root - INFO - Class 2 刀具: Precision: 0.3208, Recall: 0.0309, F1: 0.0564
root - INFO - Class 3 打火机: Precision: 0.9603, Recall: 0.4047, F1: 0.5694
root - INFO - Class 4 充电宝锂电池: Precision: 0.1463, Recall: 0.0466, F1: 0.0707
root - INFO - Overall: Precision: 0.4260, Recall: 0.1575, F1: 0.2300
root - INFO - Epoch 2 is starting
root - INFO - Train Epoch: 2 [0/15500 (0%)]	Loss: 0.646270
root - INFO - Train Epoch: 2 [800/15500 (5%)]	Loss: 0.615036
root - INFO - Train Epoch: 2 [1600/15500 (10%)]	Loss: 0.635923
root - INFO - Train Epoch: 2 [2400/15500 (15%)]	Loss: 0.592105
root - INFO - Train Epoch: 2 [3200/15500 (21%)]	Loss: 0.622863
root - INFO - Train Epoch: 2 [4000/15500 (26%)]	Loss: 0.583168
root - INFO - Train Epoch: 2 [4800/15500 (31%)]	Loss: 0.653553
root - INFO - Train Epoch: 2 [5600/15500 (36%)]	Loss: 0.617565
root - INFO - Train Epoch: 2 [6400/15500 (41%)]	Loss: 0.643945
root - INFO - Train Epoch: 2 [7200/15500 (46%)]	Loss: 0.680203
root - INFO - Train Epoch: 2 [8000/15500 (52%)]	Loss: 0.613737
root - INFO - Train Epoch: 2 [8800/15500 (57%)]	Loss: 0.653479
root - INFO - Train Epoch: 2 [9600/15500 (62%)]	Loss: 0.635978
root - INFO - Train Epoch: 2 [10400/15500 (67%)]	Loss: 0.611226
root - INFO - Train Epoch: 2 [11200/15500 (72%)]	Loss: 0.633937
root - INFO - Train Epoch: 2 [12000/15500 (77%)]	Loss: 0.640864
root - INFO - Train Epoch: 2 [12800/15500 (83%)]	Loss: 0.562086
root - INFO - Train Epoch: 2 [13600/15500 (88%)]	Loss: 0.631028
root - INFO - Train Epoch: 2 [14400/15500 (93%)]	Loss: 0.626002
root - INFO - Train Epoch: 2 [15200/15500 (98%)]	Loss: 0.595396
root - INFO - Class 0 枪支部件: Precision: 0.2933, Recall: 0.0446, F1: 0.0775
root - INFO - Class 1 枪支: Precision: 0.3908, Recall: 0.5349, F1: 0.4516
root - INFO - Class 2 刀具: Precision: 0.5217, Recall: 0.7753, F1: 0.6237
root - INFO - Class 3 打火机: Precision: 0.4854, Recall: 0.8571, F1: 0.6198
root - INFO - Class 4 充电宝锂电池: Precision: 0.4241, Recall: 0.6901, F1: 0.5254
root - INFO - Overall: Precision: 0.4580, Recall: 0.6182, F1: 0.5262
root - INFO - Class 0 枪支部件: Precision: 0.2957, Recall: 0.1910, F1: 0.2321
root - INFO - Class 1 枪支: Precision: 0.3815, Recall: 0.9868, F1: 0.5502
root - INFO - Class 2 刀具: Precision: 0.1667, Recall: 0.0073, F1: 0.0139
root - INFO - Class 3 打火机: Precision: 0.9633, Recall: 0.3512, F1: 0.5147
root - INFO - Class 4 充电宝锂电池: Precision: 0.1000, Recall: 0.0019, F1: 0.0038
root - INFO - Overall: Precision: 0.3998, Recall: 0.2836, F1: 0.3318
root - INFO - Epoch 3 is starting
root - INFO - Train Epoch: 3 [0/15500 (0%)]	Loss: 0.619752
root - INFO - Train Epoch: 3 [800/15500 (5%)]	Loss: 0.594594
root - INFO - Train Epoch: 3 [1600/15500 (10%)]	Loss: 0.611142
root - INFO - Train Epoch: 3 [2400/15500 (15%)]	Loss: 0.632567
root - INFO - Train Epoch: 3 [3200/15500 (21%)]	Loss: 0.668589
root - INFO - Train Epoch: 3 [4000/15500 (26%)]	Loss: 0.618946
root - INFO - Train Epoch: 3 [4800/15500 (31%)]	Loss: 0.681437
root - INFO - Train Epoch: 3 [5600/15500 (36%)]	Loss: 0.622284
root - INFO - Train Epoch: 3 [6400/15500 (41%)]	Loss: 0.598742
root - INFO - Train Epoch: 3 [7200/15500 (46%)]	Loss: 0.588618
root - INFO - Train Epoch: 3 [8000/15500 (52%)]	Loss: 0.590704
root - INFO - Train Epoch: 3 [8800/15500 (57%)]	Loss: 0.640375
root - INFO - Train Epoch: 3 [9600/15500 (62%)]	Loss: 0.650496
root - INFO - Train Epoch: 3 [10400/15500 (67%)]	Loss: 0.592483
root - INFO - Train Epoch: 3 [11200/15500 (72%)]	Loss: 0.628522
root - INFO - Train Epoch: 3 [12000/15500 (77%)]	Loss: 0.600928
root - INFO - Train Epoch: 3 [12800/15500 (83%)]	Loss: 0.631736
root - INFO - Train Epoch: 3 [13600/15500 (88%)]	Loss: 0.625341
root - INFO - Train Epoch: 3 [14400/15500 (93%)]	Loss: 0.591431
root - INFO - Train Epoch: 3 [15200/15500 (98%)]	Loss: 0.652431
root - INFO - Class 0 枪支部件: Precision: 0.2595, Recall: 0.0406, F1: 0.0702
root - INFO - Class 1 枪支: Precision: 0.3972, Recall: 0.5885, F1: 0.4743
root - INFO - Class 2 刀具: Precision: 0.5205, Recall: 0.7852, F1: 0.6260
root - INFO - Class 3 打火机: Precision: 0.4880, Recall: 0.8651, F1: 0.6240
root - INFO - Class 4 充电宝锂电池: Precision: 0.4246, Recall: 0.7009, F1: 0.5288
root - INFO - Overall: Precision: 0.4583, Recall: 0.6342, F1: 0.5321
root - INFO - Class 0 枪支部件: Precision: 0.3600, Recall: 0.0193, F1: 0.0367
root - INFO - Class 1 枪支: Precision: 0.4680, Recall: 0.9165, F1: 0.6196
root - INFO - Class 2 刀具: Precision: 0.0000, Recall: 0.0000, F1: 0.0000
root - INFO - Class 3 打火机: Precision: 0.9621, Recall: 0.4247, F1: 0.5893
root - INFO - Class 4 充电宝锂电池: Precision: 0.2162, Recall: 0.0155, F1: 0.0290
root - INFO - Overall: Precision: 0.5166, Recall: 0.2455, F1: 0.3328
root - INFO - Epoch 4 is starting
root - INFO - Train Epoch: 4 [0/15500 (0%)]	Loss: 0.612342
root - INFO - Train Epoch: 4 [800/15500 (5%)]	Loss: 0.588517
root - INFO - Train Epoch: 4 [1600/15500 (10%)]	Loss: 0.607432
root - INFO - Train Epoch: 4 [2400/15500 (15%)]	Loss: 0.610424
root - INFO - Train Epoch: 4 [3200/15500 (21%)]	Loss: 0.607260
root - INFO - Train Epoch: 4 [4000/15500 (26%)]	Loss: 0.608275
root - INFO - Train Epoch: 4 [4800/15500 (31%)]	Loss: 0.553358
root - INFO - Train Epoch: 4 [5600/15500 (36%)]	Loss: 0.606417
root - INFO - Train Epoch: 4 [6400/15500 (41%)]	Loss: 0.578448
root - INFO - Train Epoch: 4 [7200/15500 (46%)]	Loss: 0.632852
root - INFO - Train Epoch: 4 [8000/15500 (52%)]	Loss: 0.595863
root - INFO - Train Epoch: 4 [8800/15500 (57%)]	Loss: 0.590431
root - INFO - Train Epoch: 4 [9600/15500 (62%)]	Loss: 0.603186
root - INFO - Train Epoch: 4 [10400/15500 (67%)]	Loss: 0.642387
root - INFO - Train Epoch: 4 [11200/15500 (72%)]	Loss: 0.625383
root - INFO - Train Epoch: 4 [12000/15500 (77%)]	Loss: 0.599593
root - INFO - Train Epoch: 4 [12800/15500 (83%)]	Loss: 0.579691
root - INFO - Train Epoch: 4 [13600/15500 (88%)]	Loss: 0.576044
root - INFO - Train Epoch: 4 [14400/15500 (93%)]	Loss: 0.622423
root - INFO - Train Epoch: 4 [15200/15500 (98%)]	Loss: 0.595352
root - INFO - Class 0 枪支部件: Precision: 0.3223, Recall: 0.0446, F1: 0.0784
root - INFO - Class 1 枪支: Precision: 0.4111, Recall: 0.6531, F1: 0.5046
root - INFO - Class 2 刀具: Precision: 0.5202, Recall: 0.7990, F1: 0.6301
root - INFO - Class 3 打火机: Precision: 0.4932, Recall: 0.8828, F1: 0.6328
root - INFO - Class 4 充电宝锂电池: Precision: 0.4218, Recall: 0.7453, F1: 0.5387
root - INFO - Overall: Precision: 0.4620, Recall: 0.6634, F1: 0.5447
root - INFO - Class 0 枪支部件: Precision: 0.3333, Recall: 0.0021, F1: 0.0043
root - INFO - Class 1 枪支: Precision: 0.3892, Recall: 0.9802, F1: 0.5572
root - INFO - Class 2 刀具: Precision: 0.1395, Recall: 0.0109, F1: 0.0202
root - INFO - Class 3 打火机: Precision: 0.9624, Recall: 0.4281, F1: 0.5926
root - INFO - Class 4 充电宝锂电池: Precision: 0.5000, Recall: 0.0078, F1: 0.0153
root - INFO - Overall: Precision: 0.4389, Recall: 0.2560, F1: 0.3234
root - INFO - Epoch 5 is starting
root - INFO - Train Epoch: 5 [0/15500 (0%)]	Loss: 0.595821
root - INFO - Train Epoch: 5 [800/15500 (5%)]	Loss: 0.628680
root - INFO - Train Epoch: 5 [1600/15500 (10%)]	Loss: 0.632141
root - INFO - Train Epoch: 5 [2400/15500 (15%)]	Loss: 0.647831
root - INFO - Train Epoch: 5 [3200/15500 (21%)]	Loss: 0.647801
root - INFO - Train Epoch: 5 [4000/15500 (26%)]	Loss: 0.586865
root - INFO - Train Epoch: 5 [4800/15500 (31%)]	Loss: 0.571294
root - INFO - Train Epoch: 5 [5600/15500 (36%)]	Loss: 0.669060
root - INFO - Train Epoch: 5 [6400/15500 (41%)]	Loss: 0.584436
root - INFO - Train Epoch: 5 [7200/15500 (46%)]	Loss: 0.616434
root - INFO - Train Epoch: 5 [8000/15500 (52%)]	Loss: 0.619590
root - INFO - Train Epoch: 5 [8800/15500 (57%)]	Loss: 0.653844
root - INFO - Train Epoch: 5 [9600/15500 (62%)]	Loss: 0.633460
root - INFO - Train Epoch: 5 [10400/15500 (67%)]	Loss: 0.571503
root - INFO - Train Epoch: 5 [11200/15500 (72%)]	Loss: 0.611057
root - INFO - Train Epoch: 5 [12000/15500 (77%)]	Loss: 0.604777
root - INFO - Train Epoch: 5 [12800/15500 (83%)]	Loss: 0.647279
root - INFO - Train Epoch: 5 [13600/15500 (88%)]	Loss: 0.613986
root - INFO - Train Epoch: 5 [14400/15500 (93%)]	Loss: 0.609001
root - INFO - Train Epoch: 5 [15200/15500 (98%)]	Loss: 0.600525
root - INFO - Class 0 枪支部件: Precision: 0.2857, Recall: 0.0387, F1: 0.0682
root - INFO - Class 1 枪支: Precision: 0.4279, Recall: 0.6870, F1: 0.5274
root - INFO - Class 2 刀具: Precision: 0.5177, Recall: 0.8086, F1: 0.6312
root - INFO - Class 3 打火机: Precision: 0.4918, Recall: 0.9019, F1: 0.6365
root - INFO - Class 4 充电宝锂电池: Precision: 0.4244, Recall: 0.7824, F1: 0.5503
root - INFO - Overall: Precision: 0.4646, Recall: 0.6830, F1: 0.5531
root - INFO - Class 0 枪支部件: Precision: 0.6364, Recall: 0.0150, F1: 0.0294
root - INFO - Class 1 枪支: Precision: 0.4893, Recall: 0.7560, F1: 0.5941
root - INFO - Class 2 刀具: Precision: 0.4079, Recall: 0.0564, F1: 0.0990
root - INFO - Class 3 打火机: Precision: 0.8715, Recall: 0.5217, F1: 0.6527
root - INFO - Class 4 充电宝锂电池: Precision: 0.5217, Recall: 0.1631, F1: 0.2485
root - INFO - Overall: Precision: 0.5504, Recall: 0.2722, F1: 0.3643
root - INFO - Early Stopping @ epoch 5
